  Game.cpp
C:\Users\david\Documents\Uni Stuff - CGAD\Year 4\CMP405\WFFC\WOFFCEdit\ActionController.h(20,25): warning C4018: '>': signed/unsigned mismatch
  (compiling source file 'Game.cpp')
  
C:\Users\david\Documents\Uni Stuff - CGAD\Year 4\CMP405\WFFC\WOFFCEdit\Game.cpp(46,62): warning C4305: 'argument': truncation from 'double' to 'float'
C:\Users\david\Documents\Uni Stuff - CGAD\Year 4\CMP405\WFFC\WOFFCEdit\Game.cpp(123,16): warning C4244: 'initializing': conversion from 'double' to 'float', possible loss of data
C:\Users\david\Documents\Uni Stuff - CGAD\Year 4\CMP405\WFFC\WOFFCEdit\Game.cpp(201,57): warning C4244: 'argument': conversion from 'double' to 'float', possible loss of data
C:\Users\david\Documents\Uni Stuff - CGAD\Year 4\CMP405\WFFC\WOFFCEdit\Game.cpp(200,57): warning C4244: 'argument': conversion from 'double' to 'float', possible loss of data
C:\Users\david\Documents\Uni Stuff - CGAD\Year 4\CMP405\WFFC\WOFFCEdit\Game.cpp(199,97): warning C4244: 'argument': conversion from 'double' to 'float', possible loss of data
C:\Users\david\Documents\Uni Stuff - CGAD\Year 4\CMP405\WFFC\WOFFCEdit\Game.cpp(185,10): warning C4101: 'Buffer': unreferenced local variable
C:\Users\david\Documents\Uni Stuff - CGAD\Year 4\CMP405\WFFC\WOFFCEdit\Game.cpp(449,85): warning C4244: 'argument': conversion from 'int' to 'float', possible loss of data
C:\Users\david\Documents\Uni Stuff - CGAD\Year 4\CMP405\WFFC\WOFFCEdit\Game.cpp(449,60): warning C4244: 'argument': conversion from 'int' to 'float', possible loss of data
C:\Users\david\Documents\Uni Stuff - CGAD\Year 4\CMP405\WFFC\WOFFCEdit\Game.cpp(450,84): warning C4244: 'argument': conversion from 'int' to 'float', possible loss of data
C:\Users\david\Documents\Uni Stuff - CGAD\Year 4\CMP405\WFFC\WOFFCEdit\Game.cpp(450,59): warning C4244: 'argument': conversion from 'int' to 'float', possible loss of data
C:\Users\david\Documents\Uni Stuff - CGAD\Year 4\CMP405\WFFC\WOFFCEdit\Game.cpp(453,119): warning C4244: 'argument': conversion from 'LONG' to 'float', possible loss of data
C:\Users\david\Documents\Uni Stuff - CGAD\Year 4\CMP405\WFFC\WOFFCEdit\Game.cpp(453,93): warning C4244: 'argument': conversion from 'LONG' to 'float', possible loss of data
C:\Users\david\Documents\Uni Stuff - CGAD\Year 4\CMP405\WFFC\WOFFCEdit\Game.cpp(454,117): warning C4244: 'argument': conversion from 'LONG' to 'float', possible loss of data
C:\Users\david\Documents\Uni Stuff - CGAD\Year 4\CMP405\WFFC\WOFFCEdit\Game.cpp(454,91): warning C4244: 'argument': conversion from 'LONG' to 'float', possible loss of data
C:\Users\david\Documents\Uni Stuff - CGAD\Year 4\CMP405\WFFC\WOFFCEdit\Game.cpp(495,85): warning C4244: 'argument': conversion from 'int' to 'float', possible loss of data
C:\Users\david\Documents\Uni Stuff - CGAD\Year 4\CMP405\WFFC\WOFFCEdit\Game.cpp(495,60): warning C4244: 'argument': conversion from 'int' to 'float', possible loss of data
C:\Users\david\Documents\Uni Stuff - CGAD\Year 4\CMP405\WFFC\WOFFCEdit\Game.cpp(496,84): warning C4244: 'argument': conversion from 'int' to 'float', possible loss of data
C:\Users\david\Documents\Uni Stuff - CGAD\Year 4\CMP405\WFFC\WOFFCEdit\Game.cpp(496,59): warning C4244: 'argument': conversion from 'int' to 'float', possible loss of data
C:\Users\david\Documents\Uni Stuff - CGAD\Year 4\CMP405\WFFC\WOFFCEdit\Game.cpp(499,119): warning C4244: 'argument': conversion from 'LONG' to 'float', possible loss of data
C:\Users\david\Documents\Uni Stuff - CGAD\Year 4\CMP405\WFFC\WOFFCEdit\Game.cpp(499,93): warning C4244: 'argument': conversion from 'LONG' to 'float', possible loss of data
C:\Users\david\Documents\Uni Stuff - CGAD\Year 4\CMP405\WFFC\WOFFCEdit\Game.cpp(500,117): warning C4244: 'argument': conversion from 'LONG' to 'float', possible loss of data
C:\Users\david\Documents\Uni Stuff - CGAD\Year 4\CMP405\WFFC\WOFFCEdit\Game.cpp(500,91): warning C4244: 'argument': conversion from 'LONG' to 'float', possible loss of data
C:\Users\david\Documents\Uni Stuff - CGAD\Year 4\CMP405\WFFC\WOFFCEdit\Game.cpp(525,85): warning C4244: 'argument': conversion from 'int' to 'float', possible loss of data
C:\Users\david\Documents\Uni Stuff - CGAD\Year 4\CMP405\WFFC\WOFFCEdit\Game.cpp(525,60): warning C4244: 'argument': conversion from 'int' to 'float', possible loss of data
C:\Users\david\Documents\Uni Stuff - CGAD\Year 4\CMP405\WFFC\WOFFCEdit\Game.cpp(526,84): warning C4244: 'argument': conversion from 'int' to 'float', possible loss of data
C:\Users\david\Documents\Uni Stuff - CGAD\Year 4\CMP405\WFFC\WOFFCEdit\Game.cpp(526,59): warning C4244: 'argument': conversion from 'int' to 'float', possible loss of data
C:\Users\david\Documents\Uni Stuff - CGAD\Year 4\CMP405\WFFC\WOFFCEdit\Game.cpp(529,23): warning C4018: '<': signed/unsigned mismatch
C:\Users\david\Documents\Uni Stuff - CGAD\Year 4\CMP405\WFFC\WOFFCEdit\Game.cpp(538,55): warning C4244: 'argument': conversion from 'double' to 'float', possible loss of data
C:\Users\david\Documents\Uni Stuff - CGAD\Year 4\CMP405\WFFC\WOFFCEdit\Game.cpp(537,55): warning C4244: 'argument': conversion from 'double' to 'float', possible loss of data
C:\Users\david\Documents\Uni Stuff - CGAD\Year 4\CMP405\WFFC\WOFFCEdit\Game.cpp(536,104): warning C4244: 'argument': conversion from 'double' to 'float', possible loss of data
C:\Users\david\Documents\Uni Stuff - CGAD\Year 4\CMP405\WFFC\WOFFCEdit\Game.cpp(544,117): warning C4244: 'argument': conversion from 'LONG' to 'float', possible loss of data
C:\Users\david\Documents\Uni Stuff - CGAD\Year 4\CMP405\WFFC\WOFFCEdit\Game.cpp(544,91): warning C4244: 'argument': conversion from 'LONG' to 'float', possible loss of data
C:\Users\david\Documents\Uni Stuff - CGAD\Year 4\CMP405\WFFC\WOFFCEdit\Game.cpp(545,115): warning C4244: 'argument': conversion from 'LONG' to 'float', possible loss of data
C:\Users\david\Documents\Uni Stuff - CGAD\Year 4\CMP405\WFFC\WOFFCEdit\Game.cpp(545,89): warning C4244: 'argument': conversion from 'LONG' to 'float', possible loss of data
C:\Users\david\Documents\Uni Stuff - CGAD\Year 4\CMP405\WFFC\WOFFCEdit\Game.cpp(552,27): warning C4018: '<': signed/unsigned mismatch
  Win32SimpleSample.vcxproj -> C:\Users\david\Documents\Uni Stuff - CGAD\Year 4\CMP405\WFFC\WOFFCEdit\Debug\WoFEdit.exe
